# JRE version: OpenJDK Runtime Environment Temurin-17.0.11+9 (17.0.11+9) (build 17.0.11+9)
# Java VM: OpenJDK 64-Bit Server VM Temurin-17.0.11+9 (17.0.11+9, mixed mode, tiered, compressed oops, compressed class ptrs, parallel gc, windows-amd64)
GC Precious Log:
 CPUs: 4 total, 4 available
 Memory: 4011M
 Large Page Support: Disabled
 NUMA Support: Disabled
 Compressed Oops: Enabled (32-bit)
 Alignments: Space 512K, Generation 512K, Heap 2M
 Heap Min Capacity: 100M
 Heap Initial Capacity: 100M
 Heap Max Capacity: 1G
 Pre-touch: Disabled
 Parallel Workers: 4
Heap:
 PSYoungGen      total 19968K, used 996K [0x00000000eab00000, 0x00000000ec200000, 0x0000000100000000)
  eden space 18944K, 0% used [0x00000000eab00000,0x00000000eab00000,0x00000000ebd80000)
  from space 1024K, 97% used [0x00000000ebf80000,0x00000000ec079130,0x00000000ec080000)
  to   space 2048K, 0% used [0x00000000ebd80000,0x00000000ebd80000,0x00000000ebf80000)
 ParOldGen       total 68608K, used 38095K [0x00000000c0000000, 0x00000000c4300000, 0x00000000eab00000)
  object space 68608K, 55% used [0x00000000c0000000,0x00000000c2533d88,0x00000000c4300000)
 Metaspace       used 58555K, committed 59776K, reserved 1114112K
  class space    used 6269K, committed 6848K, reserved 1048576K
GC Heap History (20 events):
Event: 44.717 GC heap after
{Heap after GC invocations=21 (full 2):
 PSYoungGen      total 24064K, used 1989K [0x00000000eab00000, 0x00000000ec480000, 0x0000000100000000)
  eden space 22016K, 0% used [0x00000000eab00000,0x00000000eab00000,0x00000000ec080000)
  from space 2048K, 97% used [0x00000000ec080000,0x00000000ec271408,0x00000000ec280000)
  to   space 2048K, 0% used [0x00000000ec280000,0x00000000ec280000,0x00000000ec480000)
 ParOldGen       total 68608K, used 24552K [0x00000000c0000000, 0x00000000c4300000, 0x00000000eab00000)
  object space 68608K, 35% used [0x00000000c0000000,0x00000000c17fa2d8,0x00000000c4300000)
 Metaspace       used 49750K, committed 50816K, reserved 1114112K
  class space    used 5237K, committed 5760K, reserved 1048576K
}
Event: 44.996 GC heap before
{Heap before GC invocations=22 (full 2):
 PSYoungGen      total 24064K, used 24005K [0x00000000eab00000, 0x00000000ec480000, 0x0000000100000000)
  eden space 22016K, 100% used [0x00000000eab00000,0x00000000ec080000,0x00000000ec080000)
  from space 2048K, 97% used [0x00000000ec080000,0x00000000ec271408,0x00000000ec280000)
  to   space 2048K, 0% used [0x00000000ec280000,0x00000000ec280000,0x00000000ec480000)
 ParOldGen       total 68608K, used 24552K [0x00000000c0000000, 0x00000000c4300000, 0x00000000eab00000)
  object space 68608K, 35% used [0x00000000c0000000,0x00000000c17fa2d8,0x00000000c4300000)
 Metaspace       used 50381K, committed 51456K, reserved 1114112K
  class space    used 5316K, committed 5824K, reserved 1048576K
}
Event: 45.003 GC heap after
{Heap after GC invocations=22 (full 2):
 PSYoungGen      total 21504K, used 2044K [0x00000000eab00000, 0x00000000ec980000, 0x0000000100000000)
  eden space 19456K, 0% used [0x00000000eab00000,0x00000000eab00000,0x00000000ebe00000)
  from space 2048K, 99% used [0x00000000ec280000,0x00000000ec47f168,0x00000000ec480000)
  to   space 4608K, 0% used [0x00000000ebe00000,0x00000000ebe00000,0x00000000ec280000)
 ParOldGen       total 68608K, used 26481K [0x00000000c0000000, 0x00000000c4300000, 0x00000000eab00000)
  object space 68608K, 38% used [0x00000000c0000000,0x00000000c19dc758,0x00000000c4300000)
 Metaspace       used 50381K, committed 51456K, reserved 1114112K
  class space    used 5316K, committed 5824K, reserved 1048576K
}
Event: 45.240 GC heap before
{Heap before GC invocations=23 (full 2):
 PSYoungGen      total 21504K, used 21500K [0x00000000eab00000, 0x00000000ec980000, 0x0000000100000000)
  eden space 19456K, 100% used [0x00000000eab00000,0x00000000ebe00000,0x00000000ebe00000)
  from space 2048K, 99% used [0x00000000ec280000,0x00000000ec47f168,0x00000000ec480000)
  to   space 4608K, 0% used [0x00000000ebe00000,0x00000000ebe00000,0x00000000ec280000)
 ParOldGen       total 68608K, used 26481K [0x00000000c0000000, 0x00000000c4300000, 0x00000000eab00000)
  object space 68608K, 38% used [0x00000000c0000000,0x00000000c19dc758,0x00000000c4300000)
 Metaspace       used 51484K, committed 52608K, reserved 1114112K
  class space    used 5452K, committed 6016K, reserved 1048576K
}
Event: 45.246 GC heap after
{Heap after GC invocations=23 (full 2):
 PSYoungGen      total 21504K, used 1648K [0x00000000eab00000, 0x00000000ec300000, 0x0000000100000000)
  eden space 19456K, 0% used [0x00000000eab00000,0x00000000eab00000,0x00000000ebe00000)
  from space 2048K, 80% used [0x00000000ebe00000,0x00000000ebf9c010,0x00000000ec000000)
  to   space 2560K, 0% used [0x00000000ec080000,0x00000000ec080000,0x00000000ec300000)
 ParOldGen       total 68608K, used 28459K [0x00000000c0000000, 0x00000000c4300000, 0x00000000eab00000)
  object space 68608K, 41% used [0x00000000c0000000,0x00000000c1bcaf60,0x00000000c4300000)
 Metaspace       used 51484K, committed 52608K, reserved 1114112K
  class space    used 5452K, committed 6016K, reserved 1048576K
}
Event: 45.392 GC heap before
{Heap before GC invocations=24 (full 2):
 PSYoungGen      total 21504K, used 21104K [0x00000000eab00000, 0x00000000ec300000, 0x0000000100000000)
  eden space 19456K, 100% used [0x00000000eab00000,0x00000000ebe00000,0x00000000ebe00000)
  from space 2048K, 80% used [0x00000000ebe00000,0x00000000ebf9c010,0x00000000ec000000)
  to   space 2560K, 0% used [0x00000000ec080000,0x00000000ec080000,0x00000000ec300000)
 ParOldGen       total 68608K, used 28459K [0x00000000c0000000, 0x00000000c4300000, 0x00000000eab00000)
  object space 68608K, 41% used [0x00000000c0000000,0x00000000c1bcaf60,0x00000000c4300000)
 Metaspace       used 52068K, committed 53248K, reserved 1114112K
  class space    used 5533K, committed 6144K, reserved 1048576K
}
Event: 45.398 GC heap after
{Heap after GC invocations=24 (full 2):
 PSYoungGen      total 20992K, used 1440K [0x00000000eab00000, 0x00000000ec200000, 0x0000000100000000)
  eden space 19456K, 0% used [0x00000000eab00000,0x00000000eab00000,0x00000000ebe00000)
  from space 1536K, 93% used [0x00000000ec080000,0x00000000ec1e8000,0x00000000ec200000)
  to   space 2048K, 0% used [0x00000000ebe00000,0x00000000ebe00000,0x00000000ec000000)
 ParOldGen       total 68608K, used 30037K [0x00000000c0000000, 0x00000000c4300000, 0x00000000eab00000)
  object space 68608K, 43% used [0x00000000c0000000,0x00000000c1d554a8,0x00000000c4300000)
 Metaspace       used 52068K, committed 53248K, reserved 1114112K
  class space    used 5533K, committed 6144K, reserved 1048576K
}
Event: 45.565 GC heap before
{Heap before GC invocations=25 (full 2):
 PSYoungGen      total 20992K, used 20896K [0x00000000eab00000, 0x00000000ec200000, 0x0000000100000000)
  eden space 19456K, 100% used [0x00000000eab00000,0x00000000ebe00000,0x00000000ebe00000)
  from space 1536K, 93% used [0x00000000ec080000,0x00000000ec1e8000,0x00000000ec200000)
  to   space 2048K, 0% used [0x00000000ebe00000,0x00000000ebe00000,0x00000000ec000000)
 ParOldGen       total 68608K, used 30037K [0x00000000c0000000, 0x00000000c4300000, 0x00000000eab00000)
  object space 68608K, 43% used [0x00000000c0000000,0x00000000c1d554a8,0x00000000c4300000)
 Metaspace       used 52371K, committed 53504K, reserved 1114112K
  class space    used 5575K, committed 6144K, reserved 1048576K
}
Event: 45.572 GC heap after
{Heap after GC invocations=25 (full 2):
 PSYoungGen      total 21504K, used 1984K [0x00000000eab00000, 0x00000000ec300000, 0x0000000100000000)
  eden space 19456K, 0% used [0x00000000eab00000,0x00000000eab00000,0x00000000ebe00000)
  from space 2048K, 96% used [0x00000000ebe00000,0x00000000ebff0010,0x00000000ec000000)
  to   space 2560K, 0% used [0x00000000ec080000,0x00000000ec080000,0x00000000ec300000)
 ParOldGen       total 68608K, used 31421K [0x00000000c0000000, 0x00000000c4300000, 0x00000000eab00000)
  object space 68608K, 45% used [0x00000000c0000000,0x00000000c1eaf4a8,0x00000000c4300000)
 Metaspace       used 52371K, committed 53504K, reserved 1114112K
  class space    used 5575K, committed 6144K, reserved 1048576K
}
Event: 45.707 GC heap before
{Heap before GC invocations=26 (full 2):
 PSYoungGen      total 21504K, used 21440K [0x00000000eab00000, 0x00000000ec300000, 0x0000000100000000)
  eden space 19456K, 100% used [0x00000000eab00000,0x00000000ebe00000,0x00000000ebe00000)
  from space 2048K, 96% used [0x00000000ebe00000,0x00000000ebff0010,0x00000000ec000000)
  to   space 2560K, 0% used [0x00000000ec080000,0x00000000ec080000,0x00000000ec300000)
 ParOldGen       total 68608K, used 31421K [0x00000000c0000000, 0x00000000c4300000, 0x00000000eab00000)
  object space 68608K, 45% used [0x00000000c0000000,0x00000000c1eaf4a8,0x00000000c4300000)
 Metaspace       used 52628K, committed 53760K, reserved 1114112K
  class space    used 5606K, committed 6144K, reserved 1048576K
}
Event: 45.713 GC heap after
{Heap after GC invocations=26 (full 2):
 PSYoungGen      total 20992K, used 1440K [0x00000000eab00000, 0x00000000ec200000, 0x0000000100000000)
  eden space 19456K, 0% used [0x00000000eab00000,0x00000000eab00000,0x00000000ebe00000)
  from space 1536K, 93% used [0x00000000ec080000,0x00000000ec1e8000,0x00000000ec200000)
  to   space 2048K, 0% used [0x00000000ebe00000,0x00000000ebe00000,0x00000000ec000000)
 ParOldGen       total 68608K, used 33346K [0x00000000c0000000, 0x00000000c4300000, 0x00000000eab00000)
  object space 68608K, 48% used [0x00000000c0000000,0x00000000c2090b38,0x00000000c4300000)
 Metaspace       used 52628K, committed 53760K, reserved 1114112K
  class space    used 5606K, committed 6144K, reserved 1048576K
}
Event: 45.977 GC heap before
{Heap before GC invocations=27 (full 2):
 PSYoungGen      total 20992K, used 20896K [0x00000000eab00000, 0x00000000ec200000, 0x0000000100000000)
  eden space 19456K, 100% used [0x00000000eab00000,0x00000000ebe00000,0x00000000ebe00000)
  from space 1536K, 93% used [0x00000000ec080000,0x00000000ec1e8000,0x00000000ec200000)
  to   space 2048K, 0% used [0x00000000ebe00000,0x00000000ebe00000,0x00000000ec000000)
 ParOldGen       total 68608K, used 33346K [0x00000000c0000000, 0x00000000c4300000, 0x00000000eab00000)
  object space 68608K, 48% used [0x00000000c0000000,0x00000000c2090b38,0x00000000c4300000)
 Metaspace       used 53327K, committed 54528K, reserved 1114112K
  class space    used 5697K, committed 6272K, reserved 1048576K
}
Event: 45.982 GC heap after
{Heap after GC invocations=27 (full 2):
 PSYoungGen      total 21504K, used 1760K [0x00000000eab00000, 0x00000000ec200000, 0x0000000100000000)
  eden space 19456K, 0% used [0x00000000eab00000,0x00000000eab00000,0x00000000ebe00000)
  from space 2048K, 85% used [0x00000000ebe00000,0x00000000ebfb8000,0x00000000ec000000)
  to   space 2048K, 0% used [0x00000000ec000000,0x00000000ec000000,0x00000000ec200000)
 ParOldGen       total 68608K, used 34762K [0x00000000c0000000, 0x00000000c4300000, 0x00000000eab00000)
  object space 68608K, 50% used [0x00000000c0000000,0x00000000c21f2b38,0x00000000c4300000)
 Metaspace       used 53327K, committed 54528K, reserved 1114112K
  class space    used 5697K, committed 6272K, reserved 1048576K
}
Event: 46.652 GC heap before
{Heap before GC invocations=28 (full 2):
 PSYoungGen      total 21504K, used 21207K [0x00000000eab00000, 0x00000000ec200000, 0x0000000100000000)
  eden space 19456K, 99% used [0x00000000eab00000,0x00000000ebdfde60,0x00000000ebe00000)
  from space 2048K, 85% used [0x00000000ebe00000,0x00000000ebfb8000,0x00000000ec000000)
  to   space 2048K, 0% used [0x00000000ec000000,0x00000000ec000000,0x00000000ec200000)
 ParOldGen       total 68608K, used 34762K [0x00000000c0000000, 0x00000000c4300000, 0x00000000eab00000)
  object space 68608K, 50% used [0x00000000c0000000,0x00000000c21f2b38,0x00000000c4300000)
 Metaspace       used 56105K, committed 57216K, reserved 1114112K
  class space    used 6030K, committed 6592K, reserved 1048576K
}
Event: 46.664 GC heap after
{Heap after GC invocations=28 (full 2):
 PSYoungGen      total 20480K, used 960K [0x00000000eab00000, 0x00000000ec100000, 0x0000000100000000)
  eden space 19456K, 0% used [0x00000000eab00000,0x00000000eab00000,0x00000000ebe00000)
  from space 1024K, 93% used [0x00000000ec000000,0x00000000ec0f0000,0x00000000ec100000)
  to   space 1536K, 0% used [0x00000000ebe00000,0x00000000ebe00000,0x00000000ebf80000)
 ParOldGen       total 68608K, used 36466K [0x00000000c0000000, 0x00000000c4300000, 0x00000000eab00000)
  object space 68608K, 53% used [0x00000000c0000000,0x00000000c239cb38,0x00000000c4300000)
 Metaspace       used 56105K, committed 57216K, reserved 1114112K
  class space    used 6030K, committed 6592K, reserved 1048576K
}
Event: 47.314 GC heap before
{Heap before GC invocations=29 (full 2):
 PSYoungGen      total 20480K, used 20416K [0x00000000eab00000, 0x00000000ec100000, 0x0000000100000000)
  eden space 19456K, 100% used [0x00000000eab00000,0x00000000ebe00000,0x00000000ebe00000)
  from space 1024K, 93% used [0x00000000ec000000,0x00000000ec0f0000,0x00000000ec100000)
  to   space 1536K, 0% used [0x00000000ebe00000,0x00000000ebe00000,0x00000000ebf80000)
 ParOldGen       total 68608K, used 36466K [0x00000000c0000000, 0x00000000c4300000, 0x00000000eab00000)
  object space 68608K, 53% used [0x00000000c0000000,0x00000000c239cb38,0x00000000c4300000)
 Metaspace       used 57047K, committed 58240K, reserved 1114112K
  class space    used 6145K, committed 6720K, reserved 1048576K
}
Event: 47.320 GC heap after
{Heap after GC invocations=29 (full 2):
 PSYoungGen      total 20992K, used 537K [0x00000000eab00000, 0x00000000ec080000, 0x0000000100000000)
  eden space 19456K, 0% used [0x00000000eab00000,0x00000000eab00000,0x00000000ebe00000)
  from space 1536K, 34% used [0x00000000ebe00000,0x00000000ebe86580,0x00000000ebf80000)
  to   space 1024K, 0% used [0x00000000ebf80000,0x00000000ebf80000,0x00000000ec080000)
 ParOldGen       total 68608K, used 37310K [0x00000000c0000000, 0x00000000c4300000, 0x00000000eab00000)
  object space 68608K, 54% used [0x00000000c0000000,0x00000000c246fb58,0x00000000c4300000)
 Metaspace       used 57047K, committed 58240K, reserved 1114112K
  class space    used 6145K, committed 6720K, reserved 1048576K
}
Event: 48.094 GC heap before
{Heap before GC invocations=30 (full 2):
 PSYoungGen      total 20992K, used 15073K [0x00000000eab00000, 0x00000000ec080000, 0x0000000100000000)
  eden space 19456K, 74% used [0x00000000eab00000,0x00000000eb931f60,0x00000000ebe00000)
  from space 1536K, 34% used [0x00000000ebe00000,0x00000000ebe86580,0x00000000ebf80000)
  to   space 1024K, 0% used [0x00000000ebf80000,0x00000000ebf80000,0x00000000ec080000)
 ParOldGen       total 68608K, used 37310K [0x00000000c0000000, 0x00000000c4300000, 0x00000000eab00000)
  object space 68608K, 54% used [0x00000000c0000000,0x00000000c246fb58,0x00000000c4300000)
 Metaspace       used 58555K, committed 59776K, reserved 1114112K
  class space    used 6269K, committed 6848K, reserved 1048576K
}
Event: 48.099 GC heap after
{Heap after GC invocations=30 (full 2):
 PSYoungGen      total 19968K, used 996K [0x00000000eab00000, 0x00000000ec200000, 0x0000000100000000)
  eden space 18944K, 0% used [0x00000000eab00000,0x00000000eab00000,0x00000000ebd80000)
  from space 1024K, 97% used [0x00000000ebf80000,0x00000000ec079130,0x00000000ec080000)
  to   space 2048K, 0% used [0x00000000ebd80000,0x00000000ebd80000,0x00000000ebf80000)
 ParOldGen       total 68608K, used 38095K [0x00000000c0000000, 0x00000000c4300000, 0x00000000eab00000)
  object space 68608K, 55% used [0x00000000c0000000,0x00000000c2533d88,0x00000000c4300000)
 Metaspace       used 58555K, committed 59776K, reserved 1114112K
  class space    used 6269K, committed 6848K, reserved 1048576K
}
Event: 48.099 GC heap before
{Heap before GC invocations=31 (full 3):
 PSYoungGen      total 19968K, used 996K [0x00000000eab00000, 0x00000000ec200000, 0x0000000100000000)
  eden space 18944K, 0% used [0x00000000eab00000,0x00000000eab00000,0x00000000ebd80000)
  from space 1024K, 97% used [0x00000000ebf80000,0x00000000ec079130,0x00000000ec080000)
  to   space 2048K, 0% used [0x00000000ebd80000,0x00000000ebd80000,0x00000000ebf80000)
 ParOldGen       total 68608K, used 38095K [0x00000000c0000000, 0x00000000c4300000, 0x00000000eab00000)
  object space 68608K, 55% used [0x00000000c0000000,0x00000000c2533d88,0x00000000c4300000)
 Metaspace       used 58555K, committed 59776K, reserved 1114112K
  class space    used 6269K, committed 6848K, reserved 1048576K
}

